<?xml version="1.0" encoding="UTF-8"?>
<!-- Generated by org.testng.reporters.JUnitReportReporter -->
<testsuite hostname="LAPTOP-TTIULDMC" failures="0" tests="1" name="testngpkg.Automationexercise" time="26.461" errors="0" timestamp="2024-02-29T10:00:38 IST" skipped="0">
  <testcase classname="testngpkg.Automationexercise" name="operations" time="26.461"/>
  <system-out/>
</testsuite> <!-- testngpkg.Automationexercise -->
