<?xml version="1.0" encoding="UTF-8"?>
<!-- Generated by org.testng.reporters.JUnitReportReporter -->
<testsuite hostname="LAPTOP-TTIULDMC" failures="0" tests="1" name="testngpkg.Amazonscoll" time="22.733" errors="0" timestamp="2024-02-28T16:01:41 IST" skipped="0">
  <testcase classname="testngpkg.Amazonscoll" name="scoll" time="22.733"/>
  <system-out/>
</testsuite> <!-- testngpkg.Amazonscoll -->
