<?xml version="1.0" encoding="UTF-8"?>
<!-- Generated by org.testng.reporters.JUnitReportReporter -->
<testsuite hostname="LAPTOP-TTIULDMC" failures="0" tests="1" name="testngpkg.Ebaywait" time="12.403" errors="0" timestamp="2024-03-17T09:05:39 IST" skipped="0">
  <testcase classname="testngpkg.Ebaywait" name="operations" time="12.403"/>
  <system-out/>
</testsuite> <!-- testngpkg.Ebaywait -->
