<?xml version="1.0" encoding="UTF-8"?>
<!-- Generated by org.testng.reporters.JUnitReportReporter -->
<testsuite hostname="LAPTOP-TTIULDMC" failures="0" tests="1" name="testngpkg.Goibibo" time="4.451" errors="0" timestamp="2024-03-01T09:44:33 IST" skipped="0">
  <testcase classname="testngpkg.Goibibo" name="operation" time="4.451"/>
  <system-out/>
</testsuite> <!-- testngpkg.Goibibo -->
