<?xml version="1.0" encoding="UTF-8"?>
<!-- Generated by org.testng.reporters.JUnitReportReporter -->
<testsuite hostname="LAPTOP-TTIULDMC" failures="0" tests="1" name="testngpkg.Amazonwindow" time="82.697" errors="0" timestamp="2024-02-28T17:44:11 IST" skipped="0">
  <testcase classname="testngpkg.Amazonwindow" name="operations" time="82.697"/>
  <system-out/>
</testsuite> <!-- testngpkg.Amazonwindow -->
