<?xml version="1.0" encoding="UTF-8"?>
<!-- Generated by org.testng.reporters.JUnitReportReporter -->
<testsuite hostname="LAPTOP-TTIULDMC" failures="0" tests="1" name="Selpractise.Wtg" time="0.597" errors="0" timestamp="2024-03-05T16:10:12 IST" skipped="0">
  <testcase classname="Selpractise.Wtg" name="operations" time="0.597"/>
  <system-out/>
</testsuite> <!-- Selpractise.Wtg -->
