<?xml version="1.0" encoding="UTF-8"?>
<!-- Generated by org.testng.reporters.JUnitReportReporter -->
<testsuite hostname="LAPTOP-TTIULDMC" failures="0" tests="1" name="testngpkg.Copypaste" time="2.907" errors="0" timestamp="2024-02-21T09:39:20 IST" skipped="0">
  <testcase classname="testngpkg.Copypaste" name="copypasting" time="2.907"/>
  <system-out/>
</testsuite> <!-- testngpkg.Copypaste -->
