<?xml version="1.0" encoding="UTF-8"?>
<!-- Generated by org.testng.reporters.JUnitReportReporter -->
<testsuite hostname="LAPTOP-TTIULDMC" failures="0" tests="5" name="testngpkg.Rediff" time="0.446" errors="0" timestamp="2024-02-22T16:24:32 IST" skipped="0">
  <testcase classname="testngpkg.Rediff" name="logo" time="0.096"/>
  <system-out/>
  <testcase classname="testngpkg.Rediff" name="creataccbutton" time="0.145"/>
  <system-out/>
  <testcase classname="testngpkg.Rediff" name="titleverification" time="0.030"/>
  <system-out/>
  <testcase classname="testngpkg.Rediff" name="creatacctext" time="0.109"/>
  <system-out/>
  <testcase classname="testngpkg.Rediff" name="labelcheck" time="0.066"/>
  <system-out/>
</testsuite> <!-- testngpkg.Rediff -->
