<?xml version="1.0" encoding="UTF-8"?>
<!-- Generated by org.testng.reporters.JUnitReportReporter -->
<testsuite hostname="LAPTOP-TTIULDMC" failures="0" tests="1" name="testngpkg.Windowhandle" time="8.211" errors="0" timestamp="2024-02-27T09:43:20 IST" skipped="0">
  <testcase classname="testngpkg.Windowhandle" name="handling" time="8.211"/>
  <system-out/>
</testsuite> <!-- testngpkg.Windowhandle -->
