<?xml version="1.0" encoding="UTF-8"?>
<!-- Generated by org.testng.reporters.JUnitReportReporter -->
<testsuite hostname="LAPTOP-TTIULDMC" failures="0" tests="1" name="testngpkg.Rightanddoubleclick" time="5.967" errors="0" timestamp="2024-02-22T15:59:18 IST" skipped="0">
  <testcase classname="testngpkg.Rightanddoubleclick" name="operation" time="5.967"/>
  <system-out/>
</testsuite> <!-- testngpkg.Rightanddoubleclick -->
