<?xml version="1.0" encoding="UTF-8"?>
<!-- Generated by org.testng.reporters.JUnitReportReporter -->
<testsuite hostname="LAPTOP-TTIULDMC" failures="0" tests="1" name="testngpkg.Facebook" time="3.022" errors="0" timestamp="2024-02-20T10:19:57 IST" skipped="0">
  <testcase classname="testngpkg.Facebook" name="login" time="3.022"/>
  <system-out/>
</testsuite> <!-- testngpkg.Facebook -->
