<?xml version="1.0" encoding="UTF-8"?>
<!-- Generated by org.testng.reporters.JUnitReportReporter -->
<testsuite hostname="LAPTOP-TTIULDMC" failures="0" tests="1" name="testngpkg.Fbloginvalidation" time="62.758" errors="0" timestamp="2024-02-27T09:09:17 IST" skipped="0">
  <testcase classname="testngpkg.Fbloginvalidation" name="validation" time="62.758"/>
  <system-out/>
</testsuite> <!-- testngpkg.Fbloginvalidation -->
