<?xml version="1.0" encoding="UTF-8"?>
<!-- Generated by org.testng.reporters.JUnitReportReporter -->
<testsuite hostname="LAPTOP-TTIULDMC" failures="0" tests="1" name="testngpkg.Trivagodate" time="9.716" errors="0" timestamp="2024-03-01T19:32:06 IST" skipped="0">
  <testcase classname="testngpkg.Trivagodate" name="operation" time="9.716"/>
  <system-out/>
</testsuite> <!-- testngpkg.Trivagodate -->
