<?xml version="1.0" encoding="UTF-8"?>
<!-- Generated by org.testng.reporters.JUnitReportReporter -->
<testsuite hostname="LAPTOP-TTIULDMC" failures="0" tests="1" name="testpkg.FBlogintest" time="35.448" errors="0" timestamp="2024-03-06T09:58:56 IST" skipped="0">
  <testcase classname="testpkg.FBlogintest" name="test" time="35.448"/>
  <system-out/>
</testsuite> <!-- testpkg.FBlogintest -->
