<?xml version="1.0" encoding="UTF-8"?>
<!-- Generated by org.testng.reporters.JUnitReportReporter -->
<testsuite hostname="LAPTOP-TTIULDMC" failures="0" tests="1" name="testpkg.FBcreatetest" time="23.788" errors="0" timestamp="2024-03-06T10:37:04 IST" skipped="0">
  <testcase classname="testpkg.FBcreatetest" name="test" time="23.788"/>
  <system-out/>
</testsuite> <!-- testpkg.FBcreatetest -->
